2025-07-06 19:46:43 INFO     Carregando extensıes aguarde...
2025-07-06 19:47:24 INFO     Carregando extensıes aguarde...
2025-07-06 19:47:24 INFO     Bot Immortals Black Desert SA est· online e pronto para uso!
2025-07-06 19:49:50 INFO     Carregando extensıes aguarde...
2025-07-06 19:49:51 INFO     Bot Immortals Black Desert SA est· online e pronto para uso!
2025-07-06 19:50:51 INFO     Comandos sincronizados manualmente.
2025-07-06 20:16:47 INFO     Carregando extensıes aguarde...
2025-07-06 20:16:47 INFO     Bot Immortals Black Desert SA est· online e pronto para uso!
2025-07-06 20:17:19 INFO     Comandos sincronizados manualmente.
2025-07-06 20:21:16 INFO     Carregando extensıes aguarde...
2025-07-06 20:21:17 INFO     Bot Immortals Black Desert SA est· online e pronto para uso!
2025-07-06 20:22:35 INFO     Comandos sincronizados manualmente.
2025-07-06 20:48:42 INFO     Carregando extensıes aguarde...
2025-07-06 20:48:42 INFO     Bot Immortals Black Desert SA est· online e pronto para uso!
2025-07-06 20:49:48 INFO     Carregando extensıes aguarde...
2025-07-06 20:49:49 INFO     Bot Immortals Black Desert SA est· online e pronto para uso!
2025-07-06 20:51:13 INFO     Comandos sincronizados manualmente.
2025-07-06 21:10:57 INFO     Carregando extensıes aguarde...
2025-07-06 21:10:58 INFO     Bot Immortals Black Desert SA est· online e pronto para uso!
2025-07-06 21:11:58 INFO     Comandos sincronizados manualmente.
2025-07-06 21:17:01 INFO     Carregando extensıes aguarde...
2025-07-06 21:17:02 INFO     Bot Immortals Black Desert SA est· online e pronto para uso!
2025-07-06 21:17:37 INFO     Comandos sincronizados manualmente.
2025-07-06 21:25:10 INFO     Carregando extensıes aguarde...
2025-07-06 21:25:10 INFO     Bot Immortals Black Desert SA est· online e pronto para uso!
2025-07-06 21:26:18 INFO     Comandos sincronizados manualmente.
2025-07-06 22:49:04 INFO     Carregando extensıes aguarde...
2025-07-06 22:49:04 INFO     Bot Immortals Black Desert SA est· online e pronto para uso!
2025-07-06 22:50:01 INFO     Comandos sincronizados manualmente.
2025-07-06 23:15:09 INFO     Carregando extens√µes aguarde...
2025-07-06 23:15:09 INFO     Bot Immortals Black Desert SA est√° online e pronto para uso!
2025-07-06 23:16:14 INFO     Comandos sincronizados manualmente.
2025-07-10 20:23:11 INFO     Carregando extensıes aguarde...
2025-07-10 20:23:12 INFO     Bot Immortals Black Desert SA est· online e pronto para uso!
2025-07-10 20:23:45 INFO     Comandos sincronizados manualmente.
2025-07-10 20:50:31 INFO     Carregando extensıes aguarde...
2025-07-10 20:50:32 INFO     Bot Immortals Black Desert SA est· online e pronto para uso!
2025-07-10 20:51:32 INFO     Comandos sincronizados manualmente.
2025-07-10 20:59:10 INFO     Carregando extensıes aguarde...
2025-07-10 20:59:11 INFO     Bot Immortals Black Desert SA est· online e pronto para uso!
2025-07-10 21:00:29 INFO     Carregando extensıes aguarde...
2025-07-10 21:00:30 INFO     Bot Immortals Black Desert SA est· online e pronto para uso!
2025-07-10 21:00:50 INFO     Comandos sincronizados manualmente.
2025-07-20 12:06:20 ERROR     Ocorreu um erro em 'on_ready': `403 Forbidden (error code: 20012): You are not authorized to perform this action on this application`
2025-07-20 12:08:18 ERROR     Ocorreu um erro em 'on_ready': `403 Forbidden (error code: 20012): You are not authorized to perform this action on this application`
2025-07-20 12:09:18 INFO     Carregando extensıes aguarde...
2025-07-20 12:09:18 INFO     Bot Immortals Black Desert SA est· online e pronto para uso!
2025-07-20 12:14:10 INFO     Carregando extensıes aguarde...
2025-07-20 12:14:10 INFO     Bot Immortals Black Desert SA est· online e pronto para uso!
2025-07-20 12:24:20 INFO     Carregando extensıes aguarde...
2025-07-20 12:24:21 INFO     Bot Immortals Black Desert SA est· online e pronto para uso!
2025-07-20 12:33:12 INFO     Carregando extensıes aguarde...
2025-07-20 12:33:13 INFO     Bot Immortals Black Desert SA est· online e pronto para uso!
2025-07-20 12:37:00 INFO     Carregando extensıes aguarde...
2025-07-20 12:37:01 INFO     Bot Immortals Black Desert SA est· online e pronto para uso!
2025-07-20 13:01:52 INFO     Carregando extensıes aguarde...
2025-07-20 13:01:53 INFO     Bot Immortals Black Desert SA est· online e pronto para uso!
2025-07-20 13:03:21 INFO     Carregando extensıes aguarde...
2025-07-20 13:03:22 INFO     Bot Immortals Black Desert SA est· online e pronto para uso!
2025-07-20 13:06:45 INFO     Carregando extensıes aguarde...
2025-07-20 13:06:45 INFO     Bot Immortals Black Desert SA est· online e pronto para uso!
2025-07-20 13:12:32 INFO     Carregando extensıes aguarde...
2025-07-20 13:12:33 INFO     Bot Immortals Black Desert SA est· online e pronto para uso!
